Wed, 16 Oct 2019 00:46:55 ERROR    FileNotFoundError("File b'preprocessed_data.csv' does not exist") while some function
Traceback (most recent call last):
  File "preprocessing.py", line 184, in main
    preproc_df = preproc_opening()
  File "preprocessing.py", line 62, in preproc_opening
    data = pd.read_csv("preprocessed_data.csv", index_col='Unnamed: 0')
  File "C:\Users\Lenovo\AppData\Local\Programs\Python\Python37-32\lib\site-packages\pandas\io\parsers.py", line 678, in parser_f
    return _read(filepath_or_buffer, kwds)
  File "C:\Users\Lenovo\AppData\Local\Programs\Python\Python37-32\lib\site-packages\pandas\io\parsers.py", line 440, in _read
    parser = TextFileReader(filepath_or_buffer, **kwds)
  File "C:\Users\Lenovo\AppData\Local\Programs\Python\Python37-32\lib\site-packages\pandas\io\parsers.py", line 787, in __init__
    self._make_engine(self.engine)
  File "C:\Users\Lenovo\AppData\Local\Programs\Python\Python37-32\lib\site-packages\pandas\io\parsers.py", line 1014, in _make_engine
    self._engine = CParserWrapper(self.f, **self.options)
  File "C:\Users\Lenovo\AppData\Local\Programs\Python\Python37-32\lib\site-packages\pandas\io\parsers.py", line 1708, in __init__
    self._reader = parsers.TextReader(src, **kwds)
  File "pandas\_libs\parsers.pyx", line 384, in pandas._libs.parsers.TextReader.__cinit__
  File "pandas\_libs\parsers.pyx", line 695, in pandas._libs.parsers.TextReader._setup_parser_source
FileNotFoundError: File b'preprocessed_data.csv' does not exist
Wed, 16 Oct 2019 00:48:09 INFO     Loading dictionaries from C:\Users\Lenovo\AppData\Local\Programs\Python\Python37-32\lib\site-packages\pymorphy2_dicts\data
Wed, 16 Oct 2019 00:48:09 INFO     format: 2.4, revision: 393442, updated: 2015-01-17T16:03:56.586168
Wed, 16 Oct 2019 00:48:09 INFO     Loading dictionaries from C:\Users\Lenovo\AppData\Local\Programs\Python\Python37-32\lib\site-packages\pymorphy2_dicts\data
Wed, 16 Oct 2019 00:48:09 INFO     format: 2.4, revision: 393442, updated: 2015-01-17T16:03:56.586168
Wed, 16 Oct 2019 00:48:09 INFO     Loading dictionaries from C:\Users\Lenovo\AppData\Local\Programs\Python\Python37-32\lib\site-packages\pymorphy2_dicts\data
Wed, 16 Oct 2019 00:48:09 INFO     format: 2.4, revision: 393442, updated: 2015-01-17T16:03:56.586168
Wed, 16 Oct 2019 00:48:09 INFO     Loading dictionaries from C:\Users\Lenovo\AppData\Local\Programs\Python\Python37-32\lib\site-packages\pymorphy2_dicts\data
Wed, 16 Oct 2019 00:48:09 INFO     format: 2.4, revision: 393442, updated: 2015-01-17T16:03:56.586168
Wed, 16 Oct 2019 00:48:09 INFO     Loading dictionaries from C:\Users\Lenovo\AppData\Local\Programs\Python\Python37-32\lib\site-packages\pymorphy2_dicts\data
Wed, 16 Oct 2019 00:48:09 INFO     format: 2.4, revision: 393442, updated: 2015-01-17T16:03:56.586168
Wed, 16 Oct 2019 00:48:09 INFO     Loading dictionaries from C:\Users\Lenovo\AppData\Local\Programs\Python\Python37-32\lib\site-packages\pymorphy2_dicts\data
Wed, 16 Oct 2019 00:48:09 INFO     format: 2.4, revision: 393442, updated: 2015-01-17T16:03:56.586168
Wed, 16 Oct 2019 00:48:09 INFO     Loading dictionaries from C:\Users\Lenovo\AppData\Local\Programs\Python\Python37-32\lib\site-packages\pymorphy2_dicts\data
Wed, 16 Oct 2019 00:48:09 INFO     format: 2.4, revision: 393442, updated: 2015-01-17T16:03:56.586168
Wed, 16 Oct 2019 00:48:09 INFO     Loading dictionaries from C:\Users\Lenovo\AppData\Local\Programs\Python\Python37-32\lib\site-packages\pymorphy2_dicts\data
Wed, 16 Oct 2019 00:48:09 INFO     format: 2.4, revision: 393442, updated: 2015-01-17T16:03:56.586168
Wed, 16 Oct 2019 00:48:09 INFO     Loading dictionaries from C:\Users\Lenovo\AppData\Local\Programs\Python\Python37-32\lib\site-packages\pymorphy2_dicts\data
Wed, 16 Oct 2019 00:48:09 INFO     format: 2.4, revision: 393442, updated: 2015-01-17T16:03:56.586168
Wed, 16 Oct 2019 00:48:09 INFO     Loading dictionaries from C:\Users\Lenovo\AppData\Local\Programs\Python\Python37-32\lib\site-packages\pymorphy2_dicts\data
Wed, 16 Oct 2019 00:48:09 INFO     format: 2.4, revision: 393442, updated: 2015-01-17T16:03:56.586168
Wed, 16 Oct 2019 00:48:09 INFO     Loading dictionaries from C:\Users\Lenovo\AppData\Local\Programs\Python\Python37-32\lib\site-packages\pymorphy2_dicts\data
Wed, 16 Oct 2019 00:48:09 INFO     format: 2.4, revision: 393442, updated: 2015-01-17T16:03:56.586168
Wed, 16 Oct 2019 00:48:09 INFO     Loading dictionaries from C:\Users\Lenovo\AppData\Local\Programs\Python\Python37-32\lib\site-packages\pymorphy2_dicts\data
Wed, 16 Oct 2019 00:48:09 INFO     format: 2.4, revision: 393442, updated: 2015-01-17T16:03:56.586168
Wed, 16 Oct 2019 00:48:09 INFO     Loading dictionaries from C:\Users\Lenovo\AppData\Local\Programs\Python\Python37-32\lib\site-packages\pymorphy2_dicts\data
Wed, 16 Oct 2019 00:48:09 INFO     format: 2.4, revision: 393442, updated: 2015-01-17T16:03:56.586168
Wed, 16 Oct 2019 00:48:09 INFO     Loading dictionaries from C:\Users\Lenovo\AppData\Local\Programs\Python\Python37-32\lib\site-packages\pymorphy2_dicts\data
Wed, 16 Oct 2019 00:48:09 INFO     format: 2.4, revision: 393442, updated: 2015-01-17T16:03:56.586168
Wed, 16 Oct 2019 00:48:09 INFO     Loading dictionaries from C:\Users\Lenovo\AppData\Local\Programs\Python\Python37-32\lib\site-packages\pymorphy2_dicts\data
Wed, 16 Oct 2019 00:48:09 INFO     format: 2.4, revision: 393442, updated: 2015-01-17T16:03:56.586168
Wed, 16 Oct 2019 00:48:09 INFO     Loading dictionaries from C:\Users\Lenovo\AppData\Local\Programs\Python\Python37-32\lib\site-packages\pymorphy2_dicts\data
Wed, 16 Oct 2019 00:48:09 INFO     format: 2.4, revision: 393442, updated: 2015-01-17T16:03:56.586168
Wed, 16 Oct 2019 00:48:09 INFO     Loading dictionaries from C:\Users\Lenovo\AppData\Local\Programs\Python\Python37-32\lib\site-packages\pymorphy2_dicts\data
Wed, 16 Oct 2019 00:48:09 INFO     format: 2.4, revision: 393442, updated: 2015-01-17T16:03:56.586168
Wed, 16 Oct 2019 00:48:09 INFO     Loading dictionaries from C:\Users\Lenovo\AppData\Local\Programs\Python\Python37-32\lib\site-packages\pymorphy2_dicts\data
Wed, 16 Oct 2019 00:48:09 INFO     format: 2.4, revision: 393442, updated: 2015-01-17T16:03:56.586168
Wed, 16 Oct 2019 00:48:09 INFO     Loading dictionaries from C:\Users\Lenovo\AppData\Local\Programs\Python\Python37-32\lib\site-packages\pymorphy2_dicts\data
Wed, 16 Oct 2019 00:48:10 INFO     format: 2.4, revision: 393442, updated: 2015-01-17T16:03:56.586168
Wed, 16 Oct 2019 00:48:10 INFO     Loading dictionaries from C:\Users\Lenovo\AppData\Local\Programs\Python\Python37-32\lib\site-packages\pymorphy2_dicts\data
Wed, 16 Oct 2019 00:48:10 INFO     format: 2.4, revision: 393442, updated: 2015-01-17T16:03:56.586168
Wed, 16 Oct 2019 00:48:10 INFO     Loading dictionaries from C:\Users\Lenovo\AppData\Local\Programs\Python\Python37-32\lib\site-packages\pymorphy2_dicts\data
Wed, 16 Oct 2019 00:48:10 INFO     format: 2.4, revision: 393442, updated: 2015-01-17T16:03:56.586168
Wed, 16 Oct 2019 00:48:10 INFO     Loading dictionaries from C:\Users\Lenovo\AppData\Local\Programs\Python\Python37-32\lib\site-packages\pymorphy2_dicts\data
Wed, 16 Oct 2019 00:48:10 INFO     format: 2.4, revision: 393442, updated: 2015-01-17T16:03:56.586168
Wed, 16 Oct 2019 00:48:10 INFO     Loading dictionaries from C:\Users\Lenovo\AppData\Local\Programs\Python\Python37-32\lib\site-packages\pymorphy2_dicts\data
Wed, 16 Oct 2019 00:48:10 INFO     format: 2.4, revision: 393442, updated: 2015-01-17T16:03:56.586168
Wed, 16 Oct 2019 00:48:10 INFO     Loading dictionaries from C:\Users\Lenovo\AppData\Local\Programs\Python\Python37-32\lib\site-packages\pymorphy2_dicts\data
Wed, 16 Oct 2019 00:48:10 INFO     format: 2.4, revision: 393442, updated: 2015-01-17T16:03:56.586168
Wed, 16 Oct 2019 00:48:10 INFO     Loading dictionaries from C:\Users\Lenovo\AppData\Local\Programs\Python\Python37-32\lib\site-packages\pymorphy2_dicts\data
Wed, 16 Oct 2019 00:48:10 INFO     format: 2.4, revision: 393442, updated: 2015-01-17T16:03:56.586168
Wed, 16 Oct 2019 00:48:10 INFO     Loading dictionaries from C:\Users\Lenovo\AppData\Local\Programs\Python\Python37-32\lib\site-packages\pymorphy2_dicts\data
Wed, 16 Oct 2019 00:48:10 INFO     format: 2.4, revision: 393442, updated: 2015-01-17T16:03:56.586168
Wed, 16 Oct 2019 00:48:10 INFO     Loading dictionaries from C:\Users\Lenovo\AppData\Local\Programs\Python\Python37-32\lib\site-packages\pymorphy2_dicts\data
Wed, 16 Oct 2019 00:48:10 INFO     format: 2.4, revision: 393442, updated: 2015-01-17T16:03:56.586168
Wed, 16 Oct 2019 00:48:10 INFO     Loading dictionaries from C:\Users\Lenovo\AppData\Local\Programs\Python\Python37-32\lib\site-packages\pymorphy2_dicts\data
Wed, 16 Oct 2019 00:48:10 INFO     format: 2.4, revision: 393442, updated: 2015-01-17T16:03:56.586168
Wed, 16 Oct 2019 00:48:10 INFO     Loading dictionaries from C:\Users\Lenovo\AppData\Local\Programs\Python\Python37-32\lib\site-packages\pymorphy2_dicts\data
Wed, 16 Oct 2019 00:48:10 INFO     format: 2.4, revision: 393442, updated: 2015-01-17T16:03:56.586168
Wed, 16 Oct 2019 00:48:10 INFO     Loading dictionaries from C:\Users\Lenovo\AppData\Local\Programs\Python\Python37-32\lib\site-packages\pymorphy2_dicts\data
Wed, 16 Oct 2019 00:48:10 INFO     format: 2.4, revision: 393442, updated: 2015-01-17T16:03:56.586168
Wed, 16 Oct 2019 00:48:10 INFO     Loading dictionaries from C:\Users\Lenovo\AppData\Local\Programs\Python\Python37-32\lib\site-packages\pymorphy2_dicts\data
Wed, 16 Oct 2019 00:48:10 INFO     format: 2.4, revision: 393442, updated: 2015-01-17T16:03:56.586168
Wed, 16 Oct 2019 00:48:10 INFO     Loading dictionaries from C:\Users\Lenovo\AppData\Local\Programs\Python\Python37-32\lib\site-packages\pymorphy2_dicts\data
Wed, 16 Oct 2019 00:48:10 INFO     format: 2.4, revision: 393442, updated: 2015-01-17T16:03:56.586168
Wed, 16 Oct 2019 00:48:10 INFO     Loading dictionaries from C:\Users\Lenovo\AppData\Local\Programs\Python\Python37-32\lib\site-packages\pymorphy2_dicts\data
Wed, 16 Oct 2019 00:48:10 INFO     format: 2.4, revision: 393442, updated: 2015-01-17T16:03:56.586168
Wed, 16 Oct 2019 00:48:10 INFO     Loading dictionaries from C:\Users\Lenovo\AppData\Local\Programs\Python\Python37-32\lib\site-packages\pymorphy2_dicts\data
Wed, 16 Oct 2019 00:48:10 INFO     format: 2.4, revision: 393442, updated: 2015-01-17T16:03:56.586168
Wed, 16 Oct 2019 00:48:10 INFO     Loading dictionaries from C:\Users\Lenovo\AppData\Local\Programs\Python\Python37-32\lib\site-packages\pymorphy2_dicts\data
Wed, 16 Oct 2019 00:48:10 INFO     format: 2.4, revision: 393442, updated: 2015-01-17T16:03:56.586168
Wed, 16 Oct 2019 00:48:10 INFO     Loading dictionaries from C:\Users\Lenovo\AppData\Local\Programs\Python\Python37-32\lib\site-packages\pymorphy2_dicts\data
Wed, 16 Oct 2019 00:48:10 INFO     format: 2.4, revision: 393442, updated: 2015-01-17T16:03:56.586168
Wed, 16 Oct 2019 00:48:10 INFO     Loading dictionaries from C:\Users\Lenovo\AppData\Local\Programs\Python\Python37-32\lib\site-packages\pymorphy2_dicts\data
Wed, 16 Oct 2019 00:48:11 INFO     format: 2.4, revision: 393442, updated: 2015-01-17T16:03:56.586168
Wed, 16 Oct 2019 00:48:11 INFO     Loading dictionaries from C:\Users\Lenovo\AppData\Local\Programs\Python\Python37-32\lib\site-packages\pymorphy2_dicts\data
Wed, 16 Oct 2019 00:48:11 INFO     format: 2.4, revision: 393442, updated: 2015-01-17T16:03:56.586168
Wed, 16 Oct 2019 00:48:11 INFO     Loading dictionaries from C:\Users\Lenovo\AppData\Local\Programs\Python\Python37-32\lib\site-packages\pymorphy2_dicts\data
Wed, 16 Oct 2019 00:48:11 INFO     format: 2.4, revision: 393442, updated: 2015-01-17T16:03:56.586168
Wed, 16 Oct 2019 00:48:11 INFO     Loading dictionaries from C:\Users\Lenovo\AppData\Local\Programs\Python\Python37-32\lib\site-packages\pymorphy2_dicts\data
Wed, 16 Oct 2019 00:48:11 INFO     format: 2.4, revision: 393442, updated: 2015-01-17T16:03:56.586168
Wed, 16 Oct 2019 00:48:11 INFO     Loading dictionaries from C:\Users\Lenovo\AppData\Local\Programs\Python\Python37-32\lib\site-packages\pymorphy2_dicts\data
Wed, 16 Oct 2019 00:48:11 INFO     format: 2.4, revision: 393442, updated: 2015-01-17T16:03:56.586168
Wed, 16 Oct 2019 00:48:11 INFO     Loading dictionaries from C:\Users\Lenovo\AppData\Local\Programs\Python\Python37-32\lib\site-packages\pymorphy2_dicts\data
Wed, 16 Oct 2019 00:48:11 INFO     format: 2.4, revision: 393442, updated: 2015-01-17T16:03:56.586168
Wed, 16 Oct 2019 00:48:11 INFO     Loading dictionaries from C:\Users\Lenovo\AppData\Local\Programs\Python\Python37-32\lib\site-packages\pymorphy2_dicts\data
Wed, 16 Oct 2019 00:48:11 INFO     format: 2.4, revision: 393442, updated: 2015-01-17T16:03:56.586168
Wed, 16 Oct 2019 00:48:11 INFO     Loading dictionaries from C:\Users\Lenovo\AppData\Local\Programs\Python\Python37-32\lib\site-packages\pymorphy2_dicts\data
Wed, 16 Oct 2019 00:48:11 INFO     format: 2.4, revision: 393442, updated: 2015-01-17T16:03:56.586168
Wed, 16 Oct 2019 00:48:11 INFO     Loading dictionaries from C:\Users\Lenovo\AppData\Local\Programs\Python\Python37-32\lib\site-packages\pymorphy2_dicts\data
Wed, 16 Oct 2019 00:48:11 INFO     format: 2.4, revision: 393442, updated: 2015-01-17T16:03:56.586168
Wed, 16 Oct 2019 00:48:11 INFO     Loading dictionaries from C:\Users\Lenovo\AppData\Local\Programs\Python\Python37-32\lib\site-packages\pymorphy2_dicts\data
Wed, 16 Oct 2019 00:48:11 INFO     format: 2.4, revision: 393442, updated: 2015-01-17T16:03:56.586168
Wed, 16 Oct 2019 00:48:11 INFO     Loading dictionaries from C:\Users\Lenovo\AppData\Local\Programs\Python\Python37-32\lib\site-packages\pymorphy2_dicts\data
Wed, 16 Oct 2019 00:48:11 INFO     format: 2.4, revision: 393442, updated: 2015-01-17T16:03:56.586168
Wed, 16 Oct 2019 00:48:11 INFO     Loading dictionaries from C:\Users\Lenovo\AppData\Local\Programs\Python\Python37-32\lib\site-packages\pymorphy2_dicts\data
Wed, 16 Oct 2019 00:48:11 INFO     format: 2.4, revision: 393442, updated: 2015-01-17T16:03:56.586168
Wed, 16 Oct 2019 00:48:11 INFO     Loading dictionaries from C:\Users\Lenovo\AppData\Local\Programs\Python\Python37-32\lib\site-packages\pymorphy2_dicts\data
Wed, 16 Oct 2019 00:48:11 INFO     format: 2.4, revision: 393442, updated: 2015-01-17T16:03:56.586168
Wed, 16 Oct 2019 00:48:11 INFO     Loading dictionaries from C:\Users\Lenovo\AppData\Local\Programs\Python\Python37-32\lib\site-packages\pymorphy2_dicts\data
Wed, 16 Oct 2019 00:48:11 INFO     format: 2.4, revision: 393442, updated: 2015-01-17T16:03:56.586168
Wed, 16 Oct 2019 00:48:11 INFO     Loading dictionaries from C:\Users\Lenovo\AppData\Local\Programs\Python\Python37-32\lib\site-packages\pymorphy2_dicts\data
Wed, 16 Oct 2019 00:48:11 INFO     format: 2.4, revision: 393442, updated: 2015-01-17T16:03:56.586168
Wed, 16 Oct 2019 00:48:11 INFO     Loading dictionaries from C:\Users\Lenovo\AppData\Local\Programs\Python\Python37-32\lib\site-packages\pymorphy2_dicts\data
Wed, 16 Oct 2019 00:48:11 INFO     format: 2.4, revision: 393442, updated: 2015-01-17T16:03:56.586168
Wed, 16 Oct 2019 00:48:11 INFO     Loading dictionaries from C:\Users\Lenovo\AppData\Local\Programs\Python\Python37-32\lib\site-packages\pymorphy2_dicts\data
Wed, 16 Oct 2019 00:48:11 INFO     format: 2.4, revision: 393442, updated: 2015-01-17T16:03:56.586168
Wed, 16 Oct 2019 00:48:11 INFO     Loading dictionaries from C:\Users\Lenovo\AppData\Local\Programs\Python\Python37-32\lib\site-packages\pymorphy2_dicts\data
Wed, 16 Oct 2019 00:48:11 INFO     format: 2.4, revision: 393442, updated: 2015-01-17T16:03:56.586168
Wed, 16 Oct 2019 00:48:11 INFO     Loading dictionaries from C:\Users\Lenovo\AppData\Local\Programs\Python\Python37-32\lib\site-packages\pymorphy2_dicts\data
Wed, 16 Oct 2019 00:48:12 INFO     format: 2.4, revision: 393442, updated: 2015-01-17T16:03:56.586168
Wed, 16 Oct 2019 00:48:12 INFO     Loading dictionaries from C:\Users\Lenovo\AppData\Local\Programs\Python\Python37-32\lib\site-packages\pymorphy2_dicts\data
Wed, 16 Oct 2019 00:48:12 INFO     format: 2.4, revision: 393442, updated: 2015-01-17T16:03:56.586168
Wed, 16 Oct 2019 00:48:12 INFO     Loading dictionaries from C:\Users\Lenovo\AppData\Local\Programs\Python\Python37-32\lib\site-packages\pymorphy2_dicts\data
Wed, 16 Oct 2019 00:48:12 INFO     format: 2.4, revision: 393442, updated: 2015-01-17T16:03:56.586168
Wed, 16 Oct 2019 00:48:12 INFO     Loading dictionaries from C:\Users\Lenovo\AppData\Local\Programs\Python\Python37-32\lib\site-packages\pymorphy2_dicts\data
Wed, 16 Oct 2019 00:48:12 INFO     format: 2.4, revision: 393442, updated: 2015-01-17T16:03:56.586168
Wed, 16 Oct 2019 00:48:12 INFO     Loading dictionaries from C:\Users\Lenovo\AppData\Local\Programs\Python\Python37-32\lib\site-packages\pymorphy2_dicts\data
Wed, 16 Oct 2019 00:48:12 INFO     format: 2.4, revision: 393442, updated: 2015-01-17T16:03:56.586168
Wed, 16 Oct 2019 00:48:12 INFO     Loading dictionaries from C:\Users\Lenovo\AppData\Local\Programs\Python\Python37-32\lib\site-packages\pymorphy2_dicts\data
Wed, 16 Oct 2019 00:48:12 INFO     format: 2.4, revision: 393442, updated: 2015-01-17T16:03:56.586168
Wed, 16 Oct 2019 00:48:12 INFO     Loading dictionaries from C:\Users\Lenovo\AppData\Local\Programs\Python\Python37-32\lib\site-packages\pymorphy2_dicts\data
Wed, 16 Oct 2019 00:48:12 INFO     format: 2.4, revision: 393442, updated: 2015-01-17T16:03:56.586168
Wed, 16 Oct 2019 00:48:12 INFO     Loading dictionaries from C:\Users\Lenovo\AppData\Local\Programs\Python\Python37-32\lib\site-packages\pymorphy2_dicts\data
Wed, 16 Oct 2019 00:48:12 INFO     format: 2.4, revision: 393442, updated: 2015-01-17T16:03:56.586168
Wed, 16 Oct 2019 00:48:12 INFO     Loading dictionaries from C:\Users\Lenovo\AppData\Local\Programs\Python\Python37-32\lib\site-packages\pymorphy2_dicts\data
Wed, 16 Oct 2019 00:48:12 INFO     format: 2.4, revision: 393442, updated: 2015-01-17T16:03:56.586168
Wed, 16 Oct 2019 00:48:12 INFO     Loading dictionaries from C:\Users\Lenovo\AppData\Local\Programs\Python\Python37-32\lib\site-packages\pymorphy2_dicts\data
Wed, 16 Oct 2019 00:48:12 INFO     format: 2.4, revision: 393442, updated: 2015-01-17T16:03:56.586168
Wed, 16 Oct 2019 00:48:12 INFO     Loading dictionaries from C:\Users\Lenovo\AppData\Local\Programs\Python\Python37-32\lib\site-packages\pymorphy2_dicts\data
Wed, 16 Oct 2019 00:48:12 INFO     format: 2.4, revision: 393442, updated: 2015-01-17T16:03:56.586168
Wed, 16 Oct 2019 00:48:12 INFO     Loading dictionaries from C:\Users\Lenovo\AppData\Local\Programs\Python\Python37-32\lib\site-packages\pymorphy2_dicts\data
Wed, 16 Oct 2019 00:48:12 INFO     format: 2.4, revision: 393442, updated: 2015-01-17T16:03:56.586168
Wed, 16 Oct 2019 00:48:12 INFO     Loading dictionaries from C:\Users\Lenovo\AppData\Local\Programs\Python\Python37-32\lib\site-packages\pymorphy2_dicts\data
Wed, 16 Oct 2019 00:48:12 INFO     format: 2.4, revision: 393442, updated: 2015-01-17T16:03:56.586168
Wed, 16 Oct 2019 00:48:12 INFO     Loading dictionaries from C:\Users\Lenovo\AppData\Local\Programs\Python\Python37-32\lib\site-packages\pymorphy2_dicts\data
Wed, 16 Oct 2019 00:48:12 INFO     format: 2.4, revision: 393442, updated: 2015-01-17T16:03:56.586168
Wed, 16 Oct 2019 00:48:12 INFO     Loading dictionaries from C:\Users\Lenovo\AppData\Local\Programs\Python\Python37-32\lib\site-packages\pymorphy2_dicts\data
Wed, 16 Oct 2019 00:48:12 INFO     format: 2.4, revision: 393442, updated: 2015-01-17T16:03:56.586168
Wed, 16 Oct 2019 00:48:12 INFO     Loading dictionaries from C:\Users\Lenovo\AppData\Local\Programs\Python\Python37-32\lib\site-packages\pymorphy2_dicts\data
Wed, 16 Oct 2019 00:48:12 INFO     format: 2.4, revision: 393442, updated: 2015-01-17T16:03:56.586168
Wed, 16 Oct 2019 00:48:12 INFO     Loading dictionaries from C:\Users\Lenovo\AppData\Local\Programs\Python\Python37-32\lib\site-packages\pymorphy2_dicts\data
Wed, 16 Oct 2019 00:48:12 INFO     format: 2.4, revision: 393442, updated: 2015-01-17T16:03:56.586168
Wed, 16 Oct 2019 00:48:12 INFO     Loading dictionaries from C:\Users\Lenovo\AppData\Local\Programs\Python\Python37-32\lib\site-packages\pymorphy2_dicts\data
Wed, 16 Oct 2019 00:48:12 INFO     format: 2.4, revision: 393442, updated: 2015-01-17T16:03:56.586168
Wed, 16 Oct 2019 00:48:12 INFO     Loading dictionaries from C:\Users\Lenovo\AppData\Local\Programs\Python\Python37-32\lib\site-packages\pymorphy2_dicts\data
Wed, 16 Oct 2019 00:48:13 INFO     format: 2.4, revision: 393442, updated: 2015-01-17T16:03:56.586168
Wed, 16 Oct 2019 00:48:13 INFO     Loading dictionaries from C:\Users\Lenovo\AppData\Local\Programs\Python\Python37-32\lib\site-packages\pymorphy2_dicts\data
Wed, 16 Oct 2019 00:48:13 INFO     format: 2.4, revision: 393442, updated: 2015-01-17T16:03:56.586168
Wed, 16 Oct 2019 00:48:13 INFO     Loading dictionaries from C:\Users\Lenovo\AppData\Local\Programs\Python\Python37-32\lib\site-packages\pymorphy2_dicts\data
Wed, 16 Oct 2019 00:48:13 INFO     format: 2.4, revision: 393442, updated: 2015-01-17T16:03:56.586168
Wed, 16 Oct 2019 00:48:13 INFO     Loading dictionaries from C:\Users\Lenovo\AppData\Local\Programs\Python\Python37-32\lib\site-packages\pymorphy2_dicts\data
Wed, 16 Oct 2019 00:48:13 INFO     format: 2.4, revision: 393442, updated: 2015-01-17T16:03:56.586168
Wed, 16 Oct 2019 00:48:13 INFO     Loading dictionaries from C:\Users\Lenovo\AppData\Local\Programs\Python\Python37-32\lib\site-packages\pymorphy2_dicts\data
Wed, 16 Oct 2019 00:48:13 INFO     format: 2.4, revision: 393442, updated: 2015-01-17T16:03:56.586168
Wed, 16 Oct 2019 00:48:13 INFO     Loading dictionaries from C:\Users\Lenovo\AppData\Local\Programs\Python\Python37-32\lib\site-packages\pymorphy2_dicts\data
Wed, 16 Oct 2019 00:48:13 INFO     format: 2.4, revision: 393442, updated: 2015-01-17T16:03:56.586168
Wed, 16 Oct 2019 00:48:13 INFO     Loading dictionaries from C:\Users\Lenovo\AppData\Local\Programs\Python\Python37-32\lib\site-packages\pymorphy2_dicts\data
Wed, 16 Oct 2019 00:48:13 INFO     format: 2.4, revision: 393442, updated: 2015-01-17T16:03:56.586168
Wed, 16 Oct 2019 00:48:13 INFO     Loading dictionaries from C:\Users\Lenovo\AppData\Local\Programs\Python\Python37-32\lib\site-packages\pymorphy2_dicts\data
Wed, 16 Oct 2019 00:48:13 INFO     format: 2.4, revision: 393442, updated: 2015-01-17T16:03:56.586168
Wed, 16 Oct 2019 00:48:13 INFO     Loading dictionaries from C:\Users\Lenovo\AppData\Local\Programs\Python\Python37-32\lib\site-packages\pymorphy2_dicts\data
Wed, 16 Oct 2019 00:48:13 INFO     format: 2.4, revision: 393442, updated: 2015-01-17T16:03:56.586168
Wed, 16 Oct 2019 00:48:13 INFO     Loading dictionaries from C:\Users\Lenovo\AppData\Local\Programs\Python\Python37-32\lib\site-packages\pymorphy2_dicts\data
Wed, 16 Oct 2019 00:48:13 INFO     format: 2.4, revision: 393442, updated: 2015-01-17T16:03:56.586168
Wed, 16 Oct 2019 00:48:13 INFO     Loading dictionaries from C:\Users\Lenovo\AppData\Local\Programs\Python\Python37-32\lib\site-packages\pymorphy2_dicts\data
Wed, 16 Oct 2019 00:48:13 INFO     format: 2.4, revision: 393442, updated: 2015-01-17T16:03:56.586168
Wed, 16 Oct 2019 00:48:13 INFO     Loading dictionaries from C:\Users\Lenovo\AppData\Local\Programs\Python\Python37-32\lib\site-packages\pymorphy2_dicts\data
Wed, 16 Oct 2019 00:48:13 INFO     format: 2.4, revision: 393442, updated: 2015-01-17T16:03:56.586168
Wed, 16 Oct 2019 00:48:13 INFO     Loading dictionaries from C:\Users\Lenovo\AppData\Local\Programs\Python\Python37-32\lib\site-packages\pymorphy2_dicts\data
Wed, 16 Oct 2019 00:48:13 INFO     format: 2.4, revision: 393442, updated: 2015-01-17T16:03:56.586168
Wed, 16 Oct 2019 00:48:13 INFO     Loading dictionaries from C:\Users\Lenovo\AppData\Local\Programs\Python\Python37-32\lib\site-packages\pymorphy2_dicts\data
Wed, 16 Oct 2019 00:48:13 INFO     format: 2.4, revision: 393442, updated: 2015-01-17T16:03:56.586168
Wed, 16 Oct 2019 00:48:13 INFO     Loading dictionaries from C:\Users\Lenovo\AppData\Local\Programs\Python\Python37-32\lib\site-packages\pymorphy2_dicts\data
Wed, 16 Oct 2019 00:48:13 INFO     format: 2.4, revision: 393442, updated: 2015-01-17T16:03:56.586168
Wed, 16 Oct 2019 00:48:13 INFO     Loading dictionaries from C:\Users\Lenovo\AppData\Local\Programs\Python\Python37-32\lib\site-packages\pymorphy2_dicts\data
Wed, 16 Oct 2019 00:48:13 INFO     format: 2.4, revision: 393442, updated: 2015-01-17T16:03:56.586168
Wed, 16 Oct 2019 00:48:13 INFO     Loading dictionaries from C:\Users\Lenovo\AppData\Local\Programs\Python\Python37-32\lib\site-packages\pymorphy2_dicts\data
Wed, 16 Oct 2019 00:48:13 INFO     format: 2.4, revision: 393442, updated: 2015-01-17T16:03:56.586168
Wed, 16 Oct 2019 00:48:13 INFO     Loading dictionaries from C:\Users\Lenovo\AppData\Local\Programs\Python\Python37-32\lib\site-packages\pymorphy2_dicts\data
Wed, 16 Oct 2019 00:48:13 INFO     format: 2.4, revision: 393442, updated: 2015-01-17T16:03:56.586168
Wed, 16 Oct 2019 00:48:13 INFO     Loading dictionaries from C:\Users\Lenovo\AppData\Local\Programs\Python\Python37-32\lib\site-packages\pymorphy2_dicts\data
Wed, 16 Oct 2019 00:48:14 INFO     format: 2.4, revision: 393442, updated: 2015-01-17T16:03:56.586168
Wed, 16 Oct 2019 00:48:14 INFO     Loading dictionaries from C:\Users\Lenovo\AppData\Local\Programs\Python\Python37-32\lib\site-packages\pymorphy2_dicts\data
Wed, 16 Oct 2019 00:48:14 INFO     format: 2.4, revision: 393442, updated: 2015-01-17T16:03:56.586168
Wed, 16 Oct 2019 00:48:14 INFO     Loading dictionaries from C:\Users\Lenovo\AppData\Local\Programs\Python\Python37-32\lib\site-packages\pymorphy2_dicts\data
Wed, 16 Oct 2019 00:48:14 INFO     format: 2.4, revision: 393442, updated: 2015-01-17T16:03:56.586168
Wed, 16 Oct 2019 00:48:14 INFO     Loading dictionaries from C:\Users\Lenovo\AppData\Local\Programs\Python\Python37-32\lib\site-packages\pymorphy2_dicts\data
Wed, 16 Oct 2019 00:48:14 INFO     format: 2.4, revision: 393442, updated: 2015-01-17T16:03:56.586168
Wed, 16 Oct 2019 00:48:14 INFO     Loading dictionaries from C:\Users\Lenovo\AppData\Local\Programs\Python\Python37-32\lib\site-packages\pymorphy2_dicts\data
Wed, 16 Oct 2019 00:48:14 INFO     format: 2.4, revision: 393442, updated: 2015-01-17T16:03:56.586168
Wed, 16 Oct 2019 00:48:14 INFO     Loading dictionaries from C:\Users\Lenovo\AppData\Local\Programs\Python\Python37-32\lib\site-packages\pymorphy2_dicts\data
Wed, 16 Oct 2019 00:48:14 INFO     format: 2.4, revision: 393442, updated: 2015-01-17T16:03:56.586168
Wed, 16 Oct 2019 00:48:14 INFO     Loading dictionaries from C:\Users\Lenovo\AppData\Local\Programs\Python\Python37-32\lib\site-packages\pymorphy2_dicts\data
Wed, 16 Oct 2019 00:48:14 INFO     format: 2.4, revision: 393442, updated: 2015-01-17T16:03:56.586168
Wed, 16 Oct 2019 00:48:14 INFO     Loading dictionaries from C:\Users\Lenovo\AppData\Local\Programs\Python\Python37-32\lib\site-packages\pymorphy2_dicts\data
Wed, 16 Oct 2019 00:48:14 INFO     format: 2.4, revision: 393442, updated: 2015-01-17T16:03:56.586168
Wed, 16 Oct 2019 00:48:14 INFO     Loading dictionaries from C:\Users\Lenovo\AppData\Local\Programs\Python\Python37-32\lib\site-packages\pymorphy2_dicts\data
Wed, 16 Oct 2019 00:48:14 INFO     format: 2.4, revision: 393442, updated: 2015-01-17T16:03:56.586168
Wed, 16 Oct 2019 00:48:14 INFO     Loading dictionaries from C:\Users\Lenovo\AppData\Local\Programs\Python\Python37-32\lib\site-packages\pymorphy2_dicts\data
Wed, 16 Oct 2019 00:48:14 INFO     format: 2.4, revision: 393442, updated: 2015-01-17T16:03:56.586168
Wed, 16 Oct 2019 00:48:14 INFO     made preprocessed dataframe
Wed, 16 Oct 2019 00:48:14 INFO     made tf-idf dataframe
Wed, 16 Oct 2019 00:48:14 INFO     made bm25 dataframe
Wed, 16 Oct 2019 00:48:14 INFO     loading Word2VecKeyedVectors object from fasttext/model.model
Wed, 16 Oct 2019 00:48:15 INFO     loading vectors_vocab from fasttext/model.model.vectors_vocab.npy with mmap=None
Wed, 16 Oct 2019 00:48:15 INFO     loading vectors_ngrams from fasttext/model.model.vectors_ngrams.npy with mmap=None
Wed, 16 Oct 2019 00:48:15 ERROR    ValueError('array is too big; `arr.size * arr.dtype.itemsize` is larger than the maximum possible size.') while some function
Traceback (most recent call last):
  File "preprocessing.py", line 191, in main
    fasttext_index = fasttext_indexing(preproc_df)
  File "preprocessing.py", line 163, in fasttext_indexing
    model = getting_fasttext('fasttext/model.model')
  File "preprocessing.py", line 141, in getting_fasttext
    fasttext_model = KeyedVectors.load(filepath)
  File "C:\Users\Lenovo\AppData\Local\Programs\Python\Python37-32\lib\site-packages\gensim\models\keyedvectors.py", line 1540, in load
    model = super(WordEmbeddingsKeyedVectors, cls).load(fname_or_handle, **kwargs)
  File "C:\Users\Lenovo\AppData\Local\Programs\Python\Python37-32\lib\site-packages\gensim\models\keyedvectors.py", line 228, in load
    return super(BaseKeyedVectors, cls).load(fname_or_handle, **kwargs)
  File "C:\Users\Lenovo\AppData\Local\Programs\Python\Python37-32\lib\site-packages\gensim\utils.py", line 427, in load
    obj._load_specials(fname, mmap, compress, subname)
  File "C:\Users\Lenovo\AppData\Local\Programs\Python\Python37-32\lib\site-packages\gensim\utils.py", line 469, in _load_specials
    val = np.load(subname(fname, attrib), mmap_mode=mmap)
  File "C:\Users\Lenovo\AppData\Local\Programs\Python\Python37-32\lib\site-packages\numpy\lib\npyio.py", line 453, in load
    pickle_kwargs=pickle_kwargs)
  File "C:\Users\Lenovo\AppData\Local\Programs\Python\Python37-32\lib\site-packages\numpy\lib\format.py", line 738, in read_array
    array = numpy.fromfile(fp, dtype=dtype, count=count)
ValueError: array is too big; `arr.size * arr.dtype.itemsize` is larger than the maximum possible size.
Wed, 16 Oct 2019 11:04:48 INFO     loading Word2VecKeyedVectors object from fasttext/model.model
Wed, 16 Oct 2019 11:04:48 INFO     loading vectors_vocab from fasttext/model.model.vectors_vocab.npy with mmap=None
Wed, 16 Oct 2019 11:04:48 INFO     loading vectors_ngrams from fasttext/model.model.vectors_ngrams.npy with mmap=None
